<?xml version="1.0" encoding="UTF-8"?>
<!-- Generated by org.testng.reporters.JUnitXMLReporter -->
<testsuite ignored="2" hostname="LAPTOP-TFRN4BHF" failures="0" tests="2" name="Test" time="0.13" errors="0" timestamp="2023-08-14T16:16:11 IST">
  <testcase classname="testNG_Group.Sample2" name="demo4" time="0.018"/>
  <testcase classname="testNG_Group.Sample1" name="demo1" time="0.004"/>
  <testcase classname="testNG_Group.Sample2" name="demo3" time="0.0">
    <ignored/>
  </testcase> <!-- demo3 -->
  <testcase classname="testNG_Group.Sample1" name="demo2" time="0.0">
    <ignored/>
  </testcase> <!-- demo2 -->
</testsuite> <!-- Test -->
