<?xml version="1.0" encoding="UTF-8"?>
<!-- Generated by org.testng.reporters.JUnitXMLReporter -->
<testsuite ignored="0" hostname="LAPTOP-TFRN4BHF" failures="0" tests="3" name="Default test" time="13.193" errors="0" timestamp="2023-08-14T17:49:42 IST">
  <testcase classname="testNGPrograms.DataproviderProgram" name="openApp" time="5.375"/>
  <testcase classname="testNGPrograms.DataproviderProgram" name="openApp" time="3.98"/>
  <testcase classname="testNGPrograms.DataproviderProgram" name="openApp" time="3.749"/>
</testsuite> <!-- Default test -->
