<?xml version="1.0" encoding="UTF-8"?>
<testng-results ignored="0" total="3" passed="3" failed="0" skipped="0">
  <reporter-output>
  </reporter-output>
  <suite started-at="2023-08-14T17:49:29 IST" name="Default suite" finished-at="2023-08-14T17:49:42 IST" duration-ms="13193">
    <groups>
    </groups>
    <test started-at="2023-08-14T17:49:29 IST" name="Default test" finished-at="2023-08-14T17:49:42 IST" duration-ms="13193">
      <class name="testNGPrograms.DataproviderProgram">
        <test-method signature="openApp(java.lang.String,java.lang.String)[pri:0, instance:testNGPrograms.DataproviderProgram@60bd273d]" started-at="2023-08-14T17:49:29 IST" name="openApp" data-provider="getData" finished-at="2023-08-14T17:49:35 IST" duration-ms="5375" status="PASS">
          <params>
            <param index="0">
              <value>
                <![CDATA[Samar]]>
              </value>
            </param>
            <param index="1">
              <value>
                <![CDATA[Samar123]]>
              </value>
            </param>
          </params>
          <reporter-output>
          </reporter-output>
        </test-method> <!-- openApp -->
        <test-method signature="openApp(java.lang.String,java.lang.String)[pri:0, instance:testNGPrograms.DataproviderProgram@60bd273d]" started-at="2023-08-14T17:49:35 IST" name="openApp" data-provider="getData" finished-at="2023-08-14T17:49:39 IST" duration-ms="3980" status="PASS">
          <params>
            <param index="0">
              <value>
                <![CDATA[Suraj]]>
              </value>
            </param>
            <param index="1">
              <value>
                <![CDATA[Suraj123]]>
              </value>
            </param>
          </params>
          <reporter-output>
          </reporter-output>
        </test-method> <!-- openApp -->
        <test-method signature="openApp(java.lang.String,java.lang.String)[pri:0, instance:testNGPrograms.DataproviderProgram@60bd273d]" started-at="2023-08-14T17:49:39 IST" name="openApp" data-provider="getData" finished-at="2023-08-14T17:49:42 IST" duration-ms="3749" status="PASS">
          <params>
            <param index="0">
              <value>
                <![CDATA[suresh]]>
              </value>
            </param>
            <param index="1">
              <value>
                <![CDATA[Samr123]]>
              </value>
            </param>
          </params>
          <reporter-output>
          </reporter-output>
        </test-method> <!-- openApp -->
      </class> <!-- testNGPrograms.DataproviderProgram -->
    </test> <!-- Default test -->
  </suite> <!-- Default suite -->
</testng-results>
